TN:
SF:E:/Angular/angular-tour-of-heroes/Angular/src/polyfills.ts
FNF:0
FNH:0
DA:41,1
DA:42,1
DA:53,1
LF:3
LH:3
BRF:0
BRH:0
end_of_record
TN:
SF:E:/Angular/angular-tour-of-heroes/Angular/src/test.ts
FN:17,(anonymous_0)
FNF:1
FNH:1
FNDA:1,(anonymous_0)
DA:3,1
DA:4,1
DA:5,1
DA:6,1
DA:7,1
DA:8,1
DA:9,1
DA:10,1
DA:17,1
DA:20,1
DA:22,1
DA:24,1
DA:26,1
LF:13
LH:13
BRF:0
BRH:0
end_of_record
TN:
SF:E:/Angular/angular-tour-of-heroes/Angular/src/app/component/base/base.component.ts
FN:5,(anonymous_2)
FN:8,BaseComponent
FN:10,(anonymous_4)
FN:14,(anonymous_5)
FN:17,(anonymous_6)
FNF:5
FNH:5
FNDA:1,(anonymous_2)
FNDA:7,BaseComponent
FNDA:7,(anonymous_4)
FNDA:2,(anonymous_5)
FNDA:1,(anonymous_6)
DA:1,1
DA:5,1
DA:10,1
DA:11,7
DA:14,1
DA:17,1
DA:18,1
DA:20,1
LF:8
LH:8
BRF:0
BRH:0
end_of_record
TN:
SF:E:/Angular/angular-tour-of-heroes/Angular/src/app/core/index.ts
FNF:0
FNH:0
DA:1,1
DA:2,1
LF:2
LH:2
BRF:0
BRH:0
end_of_record
TN:
SF:E:/Angular/angular-tour-of-heroes/Angular/src/app/core/endpoint/endpoint.service.ts
FN:4,(anonymous_2)
FN:18,EndpointService
FNF:2
FNH:2
FNDA:1,(anonymous_2)
FNDA:5,EndpointService
DA:1,1
DA:4,1
DA:6,5
DA:7,5
DA:8,5
DA:9,5
DA:10,5
DA:11,5
DA:13,5
DA:19,1
LF:10
LH:10
BRF:0
BRH:0
end_of_record
TN:
SF:E:/Angular/angular-tour-of-heroes/Angular/src/app/core/helper/helper.service.ts
FN:8,(anonymous_2)
FN:10,HelperService
FN:12,(anonymous_4)
FN:16,(anonymous_5)
FN:17,(anonymous_6)
FN:20,(anonymous_7)
FN:26,(anonymous_8)
FN:27,(anonymous_9)
FNF:8
FNH:3
FNDA:1,(anonymous_2)
FNDA:5,HelperService
FNDA:4,(anonymous_4)
FNDA:0,(anonymous_5)
FNDA:0,(anonymous_6)
FNDA:0,(anonymous_7)
FNDA:0,(anonymous_8)
FNDA:0,(anonymous_9)
DA:1,1
DA:2,1
DA:3,1
DA:4,1
DA:5,1
DA:8,1
DA:10,5
DA:12,4
DA:14,4
DA:15,4
DA:16,0
DA:17,0
DA:20,1
DA:22,0
DA:23,0
DA:24,0
DA:25,0
DA:26,0
DA:27,0
DA:30,1
LF:20
LH:12
BRDA:12,0,0,0
BRDA:12,0,1,4
BRDA:14,1,0,4
BRDA:14,1,1,4
BRDA:16,2,0,0
BRDA:16,2,1,0
BRDA:20,3,0,0
BRDA:20,3,1,0
BRDA:22,4,0,0
BRDA:22,4,1,0
BRDA:23,5,0,0
BRDA:23,5,1,0
BRDA:24,6,0,0
BRDA:24,6,1,0
BRDA:26,7,0,0
BRDA:26,7,1,0
BRF:16
BRH:3
end_of_record
TN:
SF:E:/Angular/angular-tour-of-heroes/Angular/src/app/engine/engine.service.ts
FN:6,(anonymous_3)
FN:7,EngineService
FN:9,(anonymous_5)
FN:19,(anonymous_6)
FN:25,(anonymous_7)
FNF:5
FNH:3
FNDA:1,(anonymous_3)
FNDA:5,EngineService
FNDA:4,(anonymous_5)
FNDA:0,(anonymous_6)
FNDA:0,(anonymous_7)
DA:1,1
DA:2,1
DA:3,1
DA:6,1
DA:7,5
DA:9,4
DA:10,4
DA:11,4
DA:12,4
DA:13,4
DA:14,4
DA:16,4
DA:19,1
DA:20,0
DA:21,0
DA:22,0
DA:25,1
DA:26,0
DA:27,0
DA:28,0
DA:30,1
LF:21
LH:15
BRDA:9,0,0,0
BRDA:9,0,1,4
BRDA:13,1,0,4
BRDA:13,1,1,0
BRDA:19,2,0,0
BRDA:19,2,1,0
BRDA:25,3,0,0
BRDA:25,3,1,0
BRF:8
BRH:2
end_of_record
TN:
SF:E:/Angular/angular-tour-of-heroes/Angular/src/app/model/index.ts
FNF:0
FNH:0
DA:1,1
LF:1
LH:1
BRF:0
BRH:0
end_of_record
TN:
SF:E:/Angular/angular-tour-of-heroes/Angular/src/app/model/type.ts
FN:1,(anonymous_0)
FN:9,(anonymous_2)
FN:14,(anonymous_4)
FNF:3
FNH:3
FNDA:2,(anonymous_0)
FNDA:2,(anonymous_2)
FNDA:4,(anonymous_4)
DA:1,1
DA:7,1
DA:9,1
DA:12,1
DA:14,1
DA:18,1
LF:6
LH:6
BRF:0
BRH:0
end_of_record
TN:
SF:E:/Angular/angular-tour-of-heroes/Angular/src/app/page/character/character.component.ts
FN:16,(anonymous_7)
FN:18,CharacterDetailComponent
FN:21,(anonymous_9)
FN:25,(anonymous_10)
FN:27,(anonymous_11)
FN:46,(anonymous_12)
FN:46,(anonymous_13)
FN:47,(anonymous_14)
FN:55,(anonymous_15)
FN:55,(anonymous_16)
FN:56,(anonymous_17)
FNF:11
FNH:9
FNDA:1,(anonymous_7)
FNDA:1,CharacterDetailComponent
FNDA:1,(anonymous_9)
FNDA:2,(anonymous_10)
FNDA:2,(anonymous_11)
FNDA:1,(anonymous_12)
FNDA:0,(anonymous_13)
FNDA:1,(anonymous_14)
FNDA:1,(anonymous_15)
FNDA:0,(anonymous_16)
FNDA:1,(anonymous_17)
DA:2,1
DA:3,1
DA:4,1
DA:5,1
DA:7,1
DA:8,1
DA:9,1
DA:16,1
DA:18,1
DA:19,1
DA:21,1
DA:22,1
DA:25,2
DA:27,2
DA:28,2
DA:29,2
DA:45,1
DA:46,1
DA:48,1
DA:49,1
DA:51,0
DA:54,1
DA:55,1
DA:57,1
DA:58,1
DA:60,0
DA:66,1
LF:27
LH:25
BRDA:19,0,0,1
BRDA:19,0,1,1
BRDA:29,1,0,1
BRDA:29,1,1,1
BRDA:48,2,0,1
BRDA:48,2,1,0
BRDA:57,3,0,1
BRDA:57,3,1,0
BRF:8
BRH:6
end_of_record
TN:
SF:E:/Angular/angular-tour-of-heroes/Angular/src/app/page/dashboard/dashboard.component.ts
FN:15,(anonymous_7)
FN:20,DashboardComponent
FN:24,(anonymous_9)
FN:28,(anonymous_10)
FN:31,(anonymous_11)
FN:35,(anonymous_12)
FN:40,(anonymous_13)
FN:45,(anonymous_14)
FN:49,(anonymous_15)
FN:54,(anonymous_16)
FNF:10
FNH:8
FNDA:1,(anonymous_7)
FNDA:4,DashboardComponent
FNDA:4,(anonymous_9)
FNDA:4,(anonymous_10)
FNDA:1,(anonymous_11)
FNDA:5,(anonymous_12)
FNDA:1,(anonymous_13)
FNDA:0,(anonymous_14)
FNDA:0,(anonymous_15)
FNDA:1,(anonymous_16)
DA:2,1
DA:3,1
DA:4,1
DA:5,1
DA:7,1
DA:15,1
DA:16,4
DA:18,4
DA:19,4
DA:20,4
DA:21,4
DA:24,1
DA:25,4
DA:28,1
DA:29,4
DA:31,1
DA:32,1
DA:35,5
DA:36,5
DA:37,5
DA:38,5
DA:39,5
DA:41,1
DA:42,1
DA:43,1
DA:45,0
DA:49,1
DA:50,0
DA:51,0
DA:54,1
DA:55,1
DA:57,1
LF:32
LH:29
BRDA:21,0,0,4
BRDA:21,0,1,4
BRDA:37,1,0,5
BRDA:37,1,1,0
BRDA:41,2,0,1
BRDA:41,2,1,0
BRDA:54,3,0,0
BRDA:54,3,1,1
BRDA:55,4,0,1
BRDA:55,4,1,0
BRF:10
BRH:6
end_of_record
TN:
SF:E:/Angular/angular-tour-of-heroes/Angular/src/app/util/index.ts
FNF:0
FNH:0
DA:1,1
DA:2,1
LF:2
LH:2
BRF:0
BRH:0
end_of_record
TN:
SF:E:/Angular/angular-tour-of-heroes/Angular/src/app/util/loader.ts
FN:4,(anonymous_0)
FN:13,(anonymous_1)
FNF:2
FNH:1
FNDA:4,(anonymous_0)
FNDA:0,(anonymous_1)
DA:1,1
DA:2,1
DA:3,1
DA:5,4
DA:6,1
DA:7,1
DA:8,1
DA:9,1
DA:10,1
DA:11,1
DA:14,0
DA:15,0
DA:16,0
LF:13
LH:10
BRDA:5,0,0,3
BRDA:5,0,1,1
BRDA:14,1,0,0
BRDA:14,1,1,0
BRDA:16,2,0,0
BRDA:16,2,1,0
BRF:6
BRH:2
end_of_record
TN:
SF:E:/Angular/angular-tour-of-heroes/Angular/src/app/util/util.ts
FN:5,(anonymous_2)
FN:7,UtilityService
FN:8,(anonymous_4)
FNF:3
FNH:2
FNDA:1,(anonymous_2)
FNDA:5,UtilityService
FNDA:0,(anonymous_4)
DA:2,1
DA:5,1
DA:8,1
DA:9,0
DA:10,0
DA:12,1
LF:6
LH:4
BRF:0
BRH:0
end_of_record
